<?xml version="1.0" encoding="UTF-8"?>
<!-- Generated by org.testng.reporters.JUnitReportReporter -->
<testsuite skipped="0" hostname="BLR2TJAIPALK1" name="com.SAP.TestScripts.SapSignupTest" tests="1" failures="0" timestamp="29 Oct 2020 10:48:30 GMT" time="14.264" errors="0">
  <testcase name="signUptest" time="14.264" classname="com.SAP.TestScripts.SapSignupTest"/>
</testsuite> <!-- com.SAP.TestScripts.SapSignupTest -->
